<?xml version="1.0" encoding="UTF-8"?>
<!-- Generated by org.testng.reporters.JUnitReportReporter -->
<testsuite skipped="0" hostname="Murats-MacBook-Pro.local" name="com.prestashop.tests.login.PositiveSignInTests" tests="2" failures="0" timestamp="18 Jan 2018 23:23:41 GMT" time="14.699" errors="0">
  <testcase name="rightCredentialsTest" time="7.314" classname="com.prestashop.tests.login.PositiveSignInTests"/>
  <testcase name="rightCredentialsTest" time="7.385" classname="com.prestashop.tests.login.PositiveSignInTests"/>
</testsuite> <!-- com.prestashop.tests.login.PositiveSignInTests -->
