<?xml version="1.0" encoding="UTF-8"?>
<!-- Generated by org.testng.reporters.JUnitReportReporter -->
<testsuite skipped="0" hostname="Murats-MacBook-Pro.local" name="com.prestashop.tests.checkout.SimpleCheckOutTest" tests="2" failures="0" timestamp="18 Jan 2018 23:23:41 GMT" time="10.522" errors="0">
  <testcase name="simpleCheckOutTest" time="4.948" classname="com.prestashop.tests.checkout.SimpleCheckOutTest"/>
  <testcase name="simpleCheckOutTest" time="5.574" classname="com.prestashop.tests.checkout.SimpleCheckOutTest"/>
</testsuite> <!-- com.prestashop.tests.checkout.SimpleCheckOutTest -->
