<?xml version="1.0" encoding="UTF-8"?>
<!-- Generated by org.testng.reporters.JUnitReportReporter -->
<testsuite skipped="0" hostname="Murats-MacBook-Pro.local" name="com.prestashop.tests.user_account.SimpleUserAccountTest" tests="1" failures="0" timestamp="06 Dec 2017 05:03:04 GMT" time="7.709" errors="0">
  <testcase name="simpleUserAccountTest" time="7.709" classname="com.prestashop.tests.user_account.SimpleUserAccountTest"/>
</testsuite> <!-- com.prestashop.tests.user_account.SimpleUserAccountTest -->
